<html>
<body>
<pre>
<h1>µVision Build Log</h1>
<h2>Tool Versions:</h2>
IDE-Version: ¦ÌVision V5.24.2.0
Copyright (C) 2017 ARM Ltd and ARM Germany GmbH. All rights reserved.
License Information: 1 ouyang, 1, LIC=KRMW3-A4TSJ-12WLE-5G3QY-7XGRG-LGU74
 
Tool Versions:
Toolchain:       MDK-ARM Plus  Version: 5.24.1
Toolchain Path:  F:\51means\C51\ARM\ARMCC\Bin
C Compiler:      Armcc.exe V5.06 update 5 (build 528)
Assembler:       Armasm.exe V5.06 update 5 (build 528)
Linker/Locator:  ArmLink.exe V5.06 update 5 (build 528)
Library Manager: ArmAr.exe V5.06 update 5 (build 528)
Hex Converter:   FromElf.exe V5.06 update 5 (build 528)
CPU DLL:         SARMCM3.DLL V5.24.1
Dialog DLL:      DCM.DLL V1.16.0.0
Target DLL:      STLink\ST-LINKIII-KEIL_SWO.dll V3.0.1.0
Dialog DLL:      TCM.DLL V1.32.0.0
 
<h2>Project:</h2>
F:\03_STM32\Motor\Project.uvprojx
Project File Date:  05/19/2024

<h2>Output:</h2>
*** Using Compiler 'V5.06 update 5 (build 528)', folder: 'F:\51means\C51\ARM\ARMCC\Bin'
Build target 'Target 1'
compiling main.c...
.\Hardware\AS5600.h(30): warning:  #1295-D: Deprecated declaration As5600_Init - give arg types
  void As5600_Init();
.\Hardware\AS5600.h(31): warning:  #1295-D: Deprecated declaration Get_Angel - give arg types
  float Get_Angel();
.\Hardware\AS5600.h(32): warning:  #1295-D: Deprecated declaration Get_Velocity - give arg types
  float Get_Velocity();
.\Hardware\AS5600.h(33): warning:  #1295-D: Deprecated declaration Get_Angel_Notrack - give arg types
  float Get_Angel_Notrack();
.\Hardware\Pwm.h(9): warning:  #1295-D: Deprecated declaration Pwm_Init - give arg types
  void Pwm_Init();
.\Hardware\Pwm.h(10): warning:  #1295-D: Deprecated declaration GPIO_En_init - give arg types
  void GPIO_En_init();
.\Foc\FOC.h(28): warning:  #1295-D: Deprecated declaration _electricalAngle - give arg types
  float _electricalAngle();
User\main.c(43): error:  #165: too few arguments in function call
  		setPhaseVoltage(
constrain(kp*(6.28-sensor_direction*Sensor_Angle)*180/PI,-6,6),0,_electricalAngle());
User\main.c(43): error:  #18: expected a ")"
  		setPhaseVoltage(
constrain(kp*(6.28-sensor_direction*Sensor_Angle)*180/PI,-6,6),0,_electricalAngle());
User\main.c(43): error:  #29: expected an expression
  		setPhaseVoltage(
constrain(kp*(6.28-sensor_direction*Sensor_Angle)*180/PI,-6,6),0,_electricalAngle());
User\main.c: 7 warnings, 3 errors
".\Objects\Project.axf" - 3 Error(s), 7 Warning(s).

<h2>Software Packages used:</h2>

Package Vendor: Keil
                http://www.keil.com/pack/Keil.STM32F1xx_DFP.2.2.0.pack
                Keil.STM32F1xx_DFP.2.2.0
                STMicroelectronics STM32F1 Series Device Support, Drivers and Examples

<h2>Collection of Component include folders:</h2>
  .\RTE\_Target_1
  F:\51means\C51\ARM\PACK\Keil\STM32F1xx_DFP\2.2.0\Device\Include

<h2>Collection of Component Files used:</h2>
Target not created.
Build Time Elapsed:  00:00:00
</pre>
</body>
</html>
